<?xml version="1.0" encoding="UTF-8"?>
<!-- Generated by org.testng.reporters.JUnitReportReporter -->
<testsuite skipped="0" hostname="YeamGood-MacBook-Pro.local" name="com.yeamgood.godungonline.web.TestProfile" tests="5" failures="0" timestamp="24 Sep 2017 16:53:39 GMT" time="13.810" errors="0">
  <testcase name="mainPageInputGodungNameNull" time="2.108" classname="com.yeamgood.godungonline.web.TestProfile"/>
  <testcase name="mainPageInputGodungNameMaxLenght" time="3.208" classname="com.yeamgood.godungonline.web.TestProfile"/>
  <testcase name="mainPageSave" time="2.556" classname="com.yeamgood.godungonline.web.TestProfile"/>
  <testcase name="mainPageInputNameNull" time="3.309" classname="com.yeamgood.godungonline.web.TestProfile"/>
  <testcase name="mainPageInputNameMaxLenght" time="2.629" classname="com.yeamgood.godungonline.web.TestProfile"/>
</testsuite> <!-- com.yeamgood.godungonline.web.TestProfile -->
