<?xml version="1.0" encoding="UTF-8"?>
<!-- Generated by org.testng.reporters.JUnitReportReporter -->
<testsuite skipped="0" hostname="YeamGood-MacBook-Pro.local" name="com.yeamgood.godungonline.web.TestLogin" tests="5" failures="0" timestamp="24 Sep 2017 16:53:29 GMT" time="8.904" errors="0">
  <testcase name="pageLoginSuccess" time="2.253" classname="com.yeamgood.godungonline.web.TestLogin"/>
  <testcase name="pageLogin" time="1.098" classname="com.yeamgood.godungonline.web.TestLogin"/>
  <testcase name="pageLoginErrorCaseEmailAndPasswordNull" time="2.399" classname="com.yeamgood.godungonline.web.TestLogin"/>
  <testcase name="pageLoginErrorCasePasswordWrong" time="1.577" classname="com.yeamgood.godungonline.web.TestLogin"/>
  <testcase name="pageLoginErrorCaseEmailAndPasswordError" time="1.577" classname="com.yeamgood.godungonline.web.TestLogin"/>
</testsuite> <!-- com.yeamgood.godungonline.web.TestLogin -->
