<?xml version="1.0" encoding="UTF-8"?>
<!-- Generated by org.testng.reporters.JUnitReportReporter -->
<testsuite skipped="0" hostname="YeamGood-MacBook-Pro.local" name="com.yeamgood.godungonline.web.TestSupplier" tests="3" failures="0" timestamp="17 Oct 2017 19:56:03 GMT" time="7.060" errors="0">
  <testcase name="main" time="1.475" classname="com.yeamgood.godungonline.web.TestSupplier"/>
  <testcase name="manageCompany" time="3.216" classname="com.yeamgood.godungonline.web.TestSupplier"/>
  <testcase name="managePerson" time="2.369" classname="com.yeamgood.godungonline.web.TestSupplier"/>
</testsuite> <!-- com.yeamgood.godungonline.web.TestSupplier -->
