<?xml version="1.0" encoding="UTF-8"?>
<!-- Generated by org.testng.reporters.JUnitReportReporter -->
<testsuite skipped="0" hostname="YeamGood-MacBook-Pro.local" name="com.yeamgood.godungonline.web.TestProfile" tests="5" failures="0" timestamp="23 Sep 2017 09:42:27 GMT" time="14.845" errors="0">
  <testcase name="mainPageInputNameMaxLenght" time="2.728" classname="com.yeamgood.godungonline.web.TestProfile"/>
  <testcase name="mainPageInputGodungNameMaxLenght" time="3.166" classname="com.yeamgood.godungonline.web.TestProfile"/>
  <testcase name="mainPageInputNameNull" time="2.305" classname="com.yeamgood.godungonline.web.TestProfile"/>
  <testcase name="mainPageSave" time="3.295" classname="com.yeamgood.godungonline.web.TestProfile"/>
  <testcase name="mainPageInputGodungNameNull" time="3.351" classname="com.yeamgood.godungonline.web.TestProfile"/>
</testsuite> <!-- com.yeamgood.godungonline.web.TestProfile -->
