<?xml version="1.0" encoding="UTF-8"?>
<!-- Generated by org.testng.reporters.JUnitReportReporter -->
<testsuite skipped="0" hostname="YeamGood-MacBook-Pro.local" name="com.yeamgood.godungonline.web.TestProfile" tests="5" failures="0" timestamp="17 Oct 2017 19:55:53 GMT" time="11.829" errors="0">
  <testcase name="mainPageInputGodungNameNull" time="2.056" classname="com.yeamgood.godungonline.web.TestProfile"/>
  <testcase name="mainPageInputGodungNameMaxLenght" time="2.654" classname="com.yeamgood.godungonline.web.TestProfile"/>
  <testcase name="mainPageSave" time="2.279" classname="com.yeamgood.godungonline.web.TestProfile"/>
  <testcase name="mainPageInputNameNull" time="2.785" classname="com.yeamgood.godungonline.web.TestProfile"/>
  <testcase name="mainPageInputNameMaxLenght" time="2.055" classname="com.yeamgood.godungonline.web.TestProfile"/>
</testsuite> <!-- com.yeamgood.godungonline.web.TestProfile -->
