<?xml version="1.0" encoding="UTF-8"?>
<!-- Generated by org.testng.reporters.JUnitReportReporter -->
<testsuite skipped="0" hostname="YeamGood-MacBook-Pro.local" name="com.yeamgood.godungonline.web.TestSupplier" tests="3" failures="0" timestamp="24 Sep 2017 16:53:49 GMT" time="8.505" errors="0">
  <testcase name="managePerson" time="2.932" classname="com.yeamgood.godungonline.web.TestSupplier"/>
  <testcase name="manageCompany" time="3.884" classname="com.yeamgood.godungonline.web.TestSupplier"/>
  <testcase name="main" time="1.689" classname="com.yeamgood.godungonline.web.TestSupplier"/>
</testsuite> <!-- com.yeamgood.godungonline.web.TestSupplier -->
