<?xml version="1.0" encoding="UTF-8"?>
<!-- Generated by org.testng.reporters.JUnitReportReporter -->
<testsuite skipped="0" hostname="YeamGood-MacBook-Pro.local" name="com.yeamgood.godungonline.web.TestRolegodung" tests="16" failures="0" timestamp="22 Sep 2017 20:57:59 GMT" time="43.386" errors="0">
  <testcase name="mainPageDatatablesSearchByCode000001" time="2.013" classname="com.yeamgood.godungonline.web.TestRolegodung"/>
  <testcase name="managePageSaveInputAllMaxLenght" time="4.063" classname="com.yeamgood.godungonline.web.TestRolegodung"/>
  <testcase name="managePageSave00003" time="2.892" classname="com.yeamgood.godungonline.web.TestRolegodung"/>
  <testcase name="managePageSave00001" time="3.073" classname="com.yeamgood.godungonline.web.TestRolegodung"/>
  <testcase name="managePageSave00004" time="2.842" classname="com.yeamgood.godungonline.web.TestRolegodung"/>
  <testcase name="managePageSave00002" time="2.919" classname="com.yeamgood.godungonline.web.TestRolegodung"/>
  <testcase name="managePageSaveInputAllNull" time="2.376" classname="com.yeamgood.godungonline.web.TestRolegodung"/>
  <testcase name="mainPageDelete00003" time="3.210" classname="com.yeamgood.godungonline.web.TestRolegodung"/>
  <testcase name="mainPageDatatablesSearchByDescription00001" time="2.839" classname="com.yeamgood.godungonline.web.TestRolegodung"/>
  <testcase name="managePageEdit00002" time="3.191" classname="com.yeamgood.godungonline.web.TestRolegodung"/>
  <testcase name="managePageDelete00004" time="3.159" classname="com.yeamgood.godungonline.web.TestRolegodung"/>
  <testcase name="managePage" time="2.372" classname="com.yeamgood.godungonline.web.TestRolegodung"/>
  <testcase name="mainPageDatatables" time="1.848" classname="com.yeamgood.godungonline.web.TestRolegodung"/>
  <testcase name="managePageClickBack" time="2.541" classname="com.yeamgood.godungonline.web.TestRolegodung"/>
  <testcase name="mainPageDatatablesSearchByName00001" time="2.074" classname="com.yeamgood.godungonline.web.TestRolegodung"/>
  <testcase name="mainPage" time="1.974" classname="com.yeamgood.godungonline.web.TestRolegodung"/>
</testsuite> <!-- com.yeamgood.godungonline.web.TestRolegodung -->
