<?xml version="1.0" encoding="UTF-8"?>
<!-- Generated by org.testng.reporters.JUnitReportReporter -->
<testsuite skipped="0" hostname="YeamGood-MacBook-Pro.local" name="com.yeamgood.godungonline.web.TestRolegodungPage" tests="16" failures="0" timestamp="22 Sep 2017 20:33:48 GMT" time="62.114" errors="0">
  <testcase name="mainPageDatatablesSearchByCode000001" time="2.730" classname="com.yeamgood.godungonline.web.TestRolegodungPage"/>
  <testcase name="managePageSaveInputAllMaxLenght" time="5.921" classname="com.yeamgood.godungonline.web.TestRolegodungPage"/>
  <testcase name="managePageEdit00002" time="4.644" classname="com.yeamgood.godungonline.web.TestRolegodungPage"/>
  <testcase name="managePageClickBack" time="4.726" classname="com.yeamgood.godungonline.web.TestRolegodungPage"/>
  <testcase name="managePageSave00003" time="4.257" classname="com.yeamgood.godungonline.web.TestRolegodungPage"/>
  <testcase name="mainPage" time="2.164" classname="com.yeamgood.godungonline.web.TestRolegodungPage"/>
  <testcase name="managePageDelete00004" time="5.020" classname="com.yeamgood.godungonline.web.TestRolegodungPage"/>
  <testcase name="managePage" time="3.651" classname="com.yeamgood.godungonline.web.TestRolegodungPage"/>
  <testcase name="managePageSave00004" time="4.237" classname="com.yeamgood.godungonline.web.TestRolegodungPage"/>
  <testcase name="managePageSave00002" time="4.401" classname="com.yeamgood.godungonline.web.TestRolegodungPage"/>
  <testcase name="mainPageDatatablesSearchByName00001" time="2.940" classname="com.yeamgood.godungonline.web.TestRolegodungPage"/>
  <testcase name="managePageSaveInputAllNull" time="3.544" classname="com.yeamgood.godungonline.web.TestRolegodungPage"/>
  <testcase name="managePageSave00001" time="4.463" classname="com.yeamgood.godungonline.web.TestRolegodungPage"/>
  <testcase name="mainPageDatatables" time="2.539" classname="com.yeamgood.godungonline.web.TestRolegodungPage"/>
  <testcase name="mainPageDelete00003" time="4.134" classname="com.yeamgood.godungonline.web.TestRolegodungPage"/>
  <testcase name="mainPageDatatablesSearchByDescription00001" time="2.743" classname="com.yeamgood.godungonline.web.TestRolegodungPage"/>
</testsuite> <!-- com.yeamgood.godungonline.web.TestRolegodungPage -->
