<?xml version="1.0" encoding="UTF-8"?>
<!-- Generated by org.testng.reporters.JUnitReportReporter -->
<testsuite skipped="0" hostname="YeamGood-MacBook-Pro.local" name="com.yeamgood.godungonline.utils.TestAESencrpUtils" tests="9" failures="0" timestamp="17 Oct 2017 19:55:58 GMT" time="0.164" errors="0">
  <testcase name="testDecrypt123" time="0.129" classname="com.yeamgood.godungonline.utils.TestAESencrpUtils"/>
  <testcase name="testEncruptCaseDataIsNull" time="0.001" classname="com.yeamgood.godungonline.utils.TestAESencrpUtils"/>
  <testcase name="testDecryptLong123" time="0.001" classname="com.yeamgood.godungonline.utils.TestAESencrpUtils"/>
  <testcase name="testDecryptLongCaseDataIsNull" time="0.002" classname="com.yeamgood.godungonline.utils.TestAESencrpUtils"/>
  <testcase name="testEncruptLong123" time="0.011" classname="com.yeamgood.godungonline.utils.TestAESencrpUtils"/>
  <testcase name="testEncrupt123" time="0.005" classname="com.yeamgood.godungonline.utils.TestAESencrpUtils"/>
  <testcase name="testEncruptLong999999999999" time="0.004" classname="com.yeamgood.godungonline.utils.TestAESencrpUtils"/>
  <testcase name="testEncruptLongCaseDataIsNull" time="0.009" classname="com.yeamgood.godungonline.utils.TestAESencrpUtils"/>
  <testcase name="testDecryptCaseDataIsNull" time="0.002" classname="com.yeamgood.godungonline.utils.TestAESencrpUtils"/>
</testsuite> <!-- com.yeamgood.godungonline.utils.TestAESencrpUtils -->
