<?xml version="1.0" encoding="UTF-8"?>
<!-- Generated by org.testng.reporters.JUnitReportReporter -->
<testsuite skipped="0" hostname="YeamGood-MacBook-Pro.local" name="com.yeamgood.godungonline.web.TestRolegodung" tests="16" failures="0" timestamp="17 Oct 2017 19:55:48 GMT" time="44.364" errors="0">
  <testcase name="mainPageDatatables" time="2.600" classname="com.yeamgood.godungonline.web.TestRolegodung"/>
  <testcase name="mainPageDelete00003" time="3.144" classname="com.yeamgood.godungonline.web.TestRolegodung"/>
  <testcase name="managePageDelete00004" time="3.783" classname="com.yeamgood.godungonline.web.TestRolegodung"/>
  <testcase name="mainPage" time="1.866" classname="com.yeamgood.godungonline.web.TestRolegodung"/>
  <testcase name="managePageSave00002" time="2.864" classname="com.yeamgood.godungonline.web.TestRolegodung"/>
  <testcase name="managePageSaveInputAllMaxLenght" time="3.935" classname="com.yeamgood.godungonline.web.TestRolegodung"/>
  <testcase name="managePageSave00001" time="3.392" classname="com.yeamgood.godungonline.web.TestRolegodung"/>
  <testcase name="managePage" time="2.299" classname="com.yeamgood.godungonline.web.TestRolegodung"/>
  <testcase name="mainPageDatatablesSearchByName00001" time="2.083" classname="com.yeamgood.godungonline.web.TestRolegodung"/>
  <testcase name="mainPageDatatablesSearchByDescription00001" time="2.006" classname="com.yeamgood.godungonline.web.TestRolegodung"/>
  <testcase name="managePageEdit00002" time="3.342" classname="com.yeamgood.godungonline.web.TestRolegodung"/>
  <testcase name="managePageClickBack" time="2.495" classname="com.yeamgood.godungonline.web.TestRolegodung"/>
  <testcase name="managePageSaveInputAllNull" time="2.441" classname="com.yeamgood.godungonline.web.TestRolegodung"/>
  <testcase name="managePageSave00004" time="2.996" classname="com.yeamgood.godungonline.web.TestRolegodung"/>
  <testcase name="mainPageDatatablesSearchByCode000001" time="1.872" classname="com.yeamgood.godungonline.web.TestRolegodung"/>
  <testcase name="managePageSave00003" time="3.246" classname="com.yeamgood.godungonline.web.TestRolegodung"/>
</testsuite> <!-- com.yeamgood.godungonline.web.TestRolegodung -->
