<?xml version="1.0" encoding="UTF-8"?>
<!-- Generated by org.testng.reporters.JUnitReportReporter -->
<testsuite skipped="0" hostname="YeamGood-MacBook-Pro.local" name="com.yeamgood.godungonline.web.TestProfile" tests="5" failures="0" timestamp="22 Sep 2017 20:57:49 GMT" time="11.208" errors="0">
  <testcase name="mainPageInputGodungNameMaxLenght" time="2.359" classname="com.yeamgood.godungonline.web.TestProfile"/>
  <testcase name="mainPageInputNameMaxLenght" time="1.962" classname="com.yeamgood.godungonline.web.TestProfile"/>
  <testcase name="mainPageInputNameNull" time="1.647" classname="com.yeamgood.godungonline.web.TestProfile"/>
  <testcase name="mainPageSave" time="2.061" classname="com.yeamgood.godungonline.web.TestProfile"/>
  <testcase name="mainPageInputGodungNameNull" time="3.179" classname="com.yeamgood.godungonline.web.TestProfile"/>
</testsuite> <!-- com.yeamgood.godungonline.web.TestProfile -->
