<?xml version="1.0" encoding="UTF-8"?>
<!-- Generated by org.testng.reporters.JUnitReportReporter -->
<testsuite skipped="0" hostname="YeamGood-MacBook-Pro.local" name="com.yeamgood.godungonline.utils.TestAESencrpUtils" tests="9" failures="0" timestamp="24 Sep 2017 16:53:44 GMT" time="0.118" errors="0">
  <testcase name="testEncruptLong999999999999" time="0.001" classname="com.yeamgood.godungonline.utils.TestAESencrpUtils"/>
  <testcase name="testEncrupt123" time="0.001" classname="com.yeamgood.godungonline.utils.TestAESencrpUtils"/>
  <testcase name="testEncruptCaseDataIsNull" time="0.001" classname="com.yeamgood.godungonline.utils.TestAESencrpUtils"/>
  <testcase name="testDecryptCaseDataIsNull" time="0.001" classname="com.yeamgood.godungonline.utils.TestAESencrpUtils"/>
  <testcase name="testDecryptLongCaseDataIsNull" time="0.001" classname="com.yeamgood.godungonline.utils.TestAESencrpUtils"/>
  <testcase name="testEncruptLong123" time="0.001" classname="com.yeamgood.godungonline.utils.TestAESencrpUtils"/>
  <testcase name="testDecrypt123" time="0.108" classname="com.yeamgood.godungonline.utils.TestAESencrpUtils"/>
  <testcase name="testDecryptLong123" time="0.002" classname="com.yeamgood.godungonline.utils.TestAESencrpUtils"/>
  <testcase name="testEncruptLongCaseDataIsNull" time="0.002" classname="com.yeamgood.godungonline.utils.TestAESencrpUtils"/>
</testsuite> <!-- com.yeamgood.godungonline.utils.TestAESencrpUtils -->
