<?xml version="1.0" encoding="UTF-8"?>
<!-- Generated by org.testng.reporters.JUnitReportReporter -->
<testsuite skipped="0" hostname="YeamGood-MacBook-Pro.local" name="com.yeamgood.godungonline.web.TestLogin" tests="5" failures="0" timestamp="23 Sep 2017 09:42:17 GMT" time="10.822" errors="0">
  <testcase name="pageLoginSuccess" time="3.946" classname="com.yeamgood.godungonline.web.TestLogin"/>
  <testcase name="pageLoginErrorCaseEmailAndPasswordNull" time="1.763" classname="com.yeamgood.godungonline.web.TestLogin"/>
  <testcase name="pageLoginErrorCaseEmailAndPasswordError" time="1.907" classname="com.yeamgood.godungonline.web.TestLogin"/>
  <testcase name="pageLogin" time="1.284" classname="com.yeamgood.godungonline.web.TestLogin"/>
  <testcase name="pageLoginErrorCasePasswordWrong" time="1.922" classname="com.yeamgood.godungonline.web.TestLogin"/>
</testsuite> <!-- com.yeamgood.godungonline.web.TestLogin -->
