<?xml version="1.0" encoding="UTF-8"?>
<!-- Generated by org.testng.reporters.JUnitReportReporter -->
<testsuite skipped="0" hostname="YeamGood-MacBook-Pro.local" name="com.yeamgood.godungonline.web.TestSupplier" tests="3" failures="0" timestamp="23 Sep 2017 09:57:18 GMT" time="8.617" errors="0">
  <testcase name="managePerson" time="2.755" classname="com.yeamgood.godungonline.web.TestSupplier"/>
  <testcase name="manageCompany" time="4.006" classname="com.yeamgood.godungonline.web.TestSupplier"/>
  <testcase name="main" time="1.856" classname="com.yeamgood.godungonline.web.TestSupplier"/>
</testsuite> <!-- com.yeamgood.godungonline.web.TestSupplier -->
