<?xml version="1.0" encoding="UTF-8"?>
<!-- Generated by org.testng.reporters.JUnitReportReporter -->
<testsuite skipped="0" hostname="YeamGood-MacBook-Pro.local" name="com.yeamgood.godungonline.web.TestRolegodung" tests="16" failures="0" timestamp="24 Sep 2017 16:53:34 GMT" time="49.907" errors="0">
  <testcase name="managePageClickBack" time="2.874" classname="com.yeamgood.godungonline.web.TestRolegodung"/>
  <testcase name="managePage" time="2.668" classname="com.yeamgood.godungonline.web.TestRolegodung"/>
  <testcase name="mainPageDatatables" time="2.855" classname="com.yeamgood.godungonline.web.TestRolegodung"/>
  <testcase name="managePageSaveInputAllMaxLenght" time="4.886" classname="com.yeamgood.godungonline.web.TestRolegodung"/>
  <testcase name="managePageEdit00002" time="3.688" classname="com.yeamgood.godungonline.web.TestRolegodung"/>
  <testcase name="mainPageDelete00003" time="3.905" classname="com.yeamgood.godungonline.web.TestRolegodung"/>
  <testcase name="mainPageDatatablesSearchByName00001" time="2.298" classname="com.yeamgood.godungonline.web.TestRolegodung"/>
  <testcase name="managePageDelete00004" time="3.703" classname="com.yeamgood.godungonline.web.TestRolegodung"/>
  <testcase name="managePageSave00004" time="3.237" classname="com.yeamgood.godungonline.web.TestRolegodung"/>
  <testcase name="mainPage" time="2.083" classname="com.yeamgood.godungonline.web.TestRolegodung"/>
  <testcase name="mainPageDatatablesSearchByDescription00001" time="2.404" classname="com.yeamgood.godungonline.web.TestRolegodung"/>
  <testcase name="managePageSave00003" time="3.331" classname="com.yeamgood.godungonline.web.TestRolegodung"/>
  <testcase name="managePageSaveInputAllNull" time="2.839" classname="com.yeamgood.godungonline.web.TestRolegodung"/>
  <testcase name="mainPageDatatablesSearchByCode000001" time="2.196" classname="com.yeamgood.godungonline.web.TestRolegodung"/>
  <testcase name="managePageSave00001" time="3.604" classname="com.yeamgood.godungonline.web.TestRolegodung"/>
  <testcase name="managePageSave00002" time="3.336" classname="com.yeamgood.godungonline.web.TestRolegodung"/>
</testsuite> <!-- com.yeamgood.godungonline.web.TestRolegodung -->
