<?xml version="1.0" encoding="UTF-8"?>
<!-- Generated by org.testng.reporters.JUnitReportReporter -->
<testsuite skipped="0" hostname="YeamGood-MacBook-Pro.local" name="com.yeamgood.godungonline.web.TestRolegodungPage2" tests="1" failures="0" timestamp="22 Sep 2017 12:18:55 GMT" time="5.369" errors="0">
  <testcase name="editData00002" time="5.369" classname="com.yeamgood.godungonline.web.TestRolegodungPage2"/>
</testsuite> <!-- com.yeamgood.godungonline.web.TestRolegodungPage2 -->
