<?xml version="1.0" encoding="UTF-8"?>
<!-- Generated by org.testng.reporters.JUnitReportReporter -->
<testsuite skipped="0" hostname="YeamGood-MacBook-Pro.local" name="com.yeamgood.godungonline.web.TestLoginPage" tests="5" failures="0" timestamp="22 Sep 2017 20:33:43 GMT" time="12.271" errors="0">
  <testcase name="pageLoginErrorCaseEmailAndPasswordError" time="1.977" classname="com.yeamgood.godungonline.web.TestLoginPage"/>
  <testcase name="pageLoginErrorCaseEmailAndPasswordNull" time="1.898" classname="com.yeamgood.godungonline.web.TestLoginPage"/>
  <testcase name="pageLogin" time="1.460" classname="com.yeamgood.godungonline.web.TestLoginPage"/>
  <testcase name="pageLoginErrorCasePasswordWrong" time="4.275" classname="com.yeamgood.godungonline.web.TestLoginPage"/>
  <testcase name="pageLoginSuccess" time="2.661" classname="com.yeamgood.godungonline.web.TestLoginPage"/>
</testsuite> <!-- com.yeamgood.godungonline.web.TestLoginPage -->
