<?xml version="1.0" encoding="UTF-8"?>
<!-- Generated by org.testng.reporters.JUnitReportReporter -->
<testsuite skipped="0" hostname="YeamGood-MacBook-Pro.local" name="com.yeamgood.godungonline.utils.TestDateUtils" tests="13" failures="0" timestamp="23 Sep 2017 09:42:12 GMT" time="0.026" errors="0">
  <testcase name="testDateToStringCaseDateTwo" time="0.001" classname="com.yeamgood.godungonline.utils.TestDateUtils"/>
  <testcase name="testDateToStringCaseDateNull" time="0.002" classname="com.yeamgood.godungonline.utils.TestDateUtils"/>
  <testcase name="testDateToStringCaseFormatThree" time="0.001" classname="com.yeamgood.godungonline.utils.TestDateUtils"/>
  <testcase name="testDateToStringCaseFormatOne" time="0.009" classname="com.yeamgood.godungonline.utils.TestDateUtils"/>
  <testcase name="testDateToStringCaseFormatTwo" time="0.001" classname="com.yeamgood.godungonline.utils.TestDateUtils"/>
  <testcase name="testStringToDateCaseDateTwo" time="0.002" classname="com.yeamgood.godungonline.utils.TestDateUtils"/>
  <testcase name="testDateToStringCaseFormatNull" time="0.001" classname="com.yeamgood.godungonline.utils.TestDateUtils"/>
  <testcase name="testStringToDateCaseStringDateAndFormatNull" time="0.000" classname="com.yeamgood.godungonline.utils.TestDateUtils"/>
  <testcase name="testDateToStringCaseDateOne" time="0.003" classname="com.yeamgood.godungonline.utils.TestDateUtils"/>
  <testcase name="testDateToStringCaseDateAndFormatNull" time="0.002" classname="com.yeamgood.godungonline.utils.TestDateUtils"/>
  <testcase name="testStringToDateCaseDateOne" time="0.001" classname="com.yeamgood.godungonline.utils.TestDateUtils"/>
  <testcase name="testStringToDateCaseDateSringNull" time="0.001" classname="com.yeamgood.godungonline.utils.TestDateUtils"/>
  <testcase name="testStringToDateCaseFormatNull" time="0.002" classname="com.yeamgood.godungonline.utils.TestDateUtils"/>
</testsuite> <!-- com.yeamgood.godungonline.utils.TestDateUtils -->
