<?xml version="1.0" encoding="UTF-8"?>
<!-- Generated by org.testng.reporters.JUnitReportReporter -->
<testsuite skipped="0" hostname="YeamGood-MacBook-Pro.local" name="com.yeamgood.godungonline.utils.TestGenerateCodeUtils" tests="9" failures="0" timestamp="23 Sep 2017 09:42:22 GMT" time="0.024" errors="0">
  <testcase name="generateCaseCodeDiff1" time="0.001" classname="com.yeamgood.godungonline.utils.TestGenerateCodeUtils"/>
  <testcase name="generateCaseTitleAndMaxcodeIsNull" time="0.002" classname="com.yeamgood.godungonline.utils.TestGenerateCodeUtils"/>
  <testcase name="generateCaseTitleDiff1" time="0.001" classname="com.yeamgood.godungonline.utils.TestGenerateCodeUtils"/>
  <testcase name="generateCaseCode00001" time="0.001" classname="com.yeamgood.godungonline.utils.TestGenerateCodeUtils"/>
  <testcase name="generateCaseCode99999" time="0.004" classname="com.yeamgood.godungonline.utils.TestGenerateCodeUtils"/>
  <testcase name="generateCaseMaxCodeIsNull" time="0.001" classname="com.yeamgood.godungonline.utils.TestGenerateCodeUtils"/>
  <testcase name="generateCaseTitleDiff3" time="0.001" classname="com.yeamgood.godungonline.utils.TestGenerateCodeUtils"/>
  <testcase name="generateCaseCode00000" time="0.012" classname="com.yeamgood.godungonline.utils.TestGenerateCodeUtils"/>
  <testcase name="generateCaseTitleDiff2" time="0.001" classname="com.yeamgood.godungonline.utils.TestGenerateCodeUtils"/>
</testsuite> <!-- com.yeamgood.godungonline.utils.TestGenerateCodeUtils -->
