<?xml version="1.0" encoding="UTF-8"?>
<!-- Generated by org.testng.reporters.JUnitReportReporter -->
<testsuite skipped="0" hostname="YeamGood-MacBook-Pro.local" name="com.yeamgood.godungonline.web.TestRolegodung" tests="16" failures="0" timestamp="23 Sep 2017 09:42:37 GMT" time="56.176" errors="0">
  <testcase name="managePageDelete00004" time="4.299" classname="com.yeamgood.godungonline.web.TestRolegodung"/>
  <testcase name="managePageEdit00002" time="4.462" classname="com.yeamgood.godungonline.web.TestRolegodung"/>
  <testcase name="mainPageDatatablesSearchByCode000001" time="2.672" classname="com.yeamgood.godungonline.web.TestRolegodung"/>
  <testcase name="managePage" time="3.081" classname="com.yeamgood.godungonline.web.TestRolegodung"/>
  <testcase name="managePageSave00002" time="4.817" classname="com.yeamgood.godungonline.web.TestRolegodung"/>
  <testcase name="mainPageDatatables" time="2.315" classname="com.yeamgood.godungonline.web.TestRolegodung"/>
  <testcase name="managePageSave00004" time="3.647" classname="com.yeamgood.godungonline.web.TestRolegodung"/>
  <testcase name="managePageClickBack" time="3.119" classname="com.yeamgood.godungonline.web.TestRolegodung"/>
  <testcase name="managePageSaveInputAllNull" time="3.252" classname="com.yeamgood.godungonline.web.TestRolegodung"/>
  <testcase name="mainPageDelete00003" time="3.835" classname="com.yeamgood.godungonline.web.TestRolegodung"/>
  <testcase name="mainPageDatatablesSearchByName00001" time="2.516" classname="com.yeamgood.godungonline.web.TestRolegodung"/>
  <testcase name="managePageSaveInputAllMaxLenght" time="5.505" classname="com.yeamgood.godungonline.web.TestRolegodung"/>
  <testcase name="mainPageDatatablesSearchByDescription00001" time="2.414" classname="com.yeamgood.godungonline.web.TestRolegodung"/>
  <testcase name="mainPage" time="2.541" classname="com.yeamgood.godungonline.web.TestRolegodung"/>
  <testcase name="managePageSave00003" time="3.718" classname="com.yeamgood.godungonline.web.TestRolegodung"/>
  <testcase name="managePageSave00001" time="3.983" classname="com.yeamgood.godungonline.web.TestRolegodung"/>
</testsuite> <!-- com.yeamgood.godungonline.web.TestRolegodung -->
