<?xml version="1.0" encoding="UTF-8"?>
<!-- Generated by org.testng.reporters.JUnitReportReporter -->
<testsuite skipped="0" hostname="YeamGood-MacBook-Pro.local" name="com.yeamgood.godungonline.web.TestLogin" tests="5" failures="0" timestamp="22 Sep 2017 20:57:54 GMT" time="7.109" errors="0">
  <testcase name="pageLoginErrorCaseEmailAndPasswordNull" time="1.166" classname="com.yeamgood.godungonline.web.TestLogin"/>
  <testcase name="pageLoginSuccess" time="1.874" classname="com.yeamgood.godungonline.web.TestLogin"/>
  <testcase name="pageLogin" time="0.820" classname="com.yeamgood.godungonline.web.TestLogin"/>
  <testcase name="pageLoginErrorCasePasswordWrong" time="1.202" classname="com.yeamgood.godungonline.web.TestLogin"/>
  <testcase name="pageLoginErrorCaseEmailAndPasswordError" time="2.047" classname="com.yeamgood.godungonline.web.TestLogin"/>
</testsuite> <!-- com.yeamgood.godungonline.web.TestLogin -->
